<?xml version="1.0" encoding="UTF-8"?>
<testsuite xmlns:xsi="http://www.w3.org/2001/XMLSchema-instance" xsi:noNamespaceSchemaLocation="https://maven.apache.org/surefire/maven-surefire-plugin/xsd/surefire-test-report.xsd" name="com.example.core.StringUtilsTest" time="0.058" tests="2" errors="0" skipped="0" failures="0">
  <properties>
[...]
</properties>
  <testcase name="testIsPalindrome" classname="com.example.core.StringUtilsTest" time="0.052"/>
  <testcase name="testReverse" classname="com.example.core.StringUtilsTest" time="0"/>
</testsuite>